<?xml version="1.0" encoding="UTF-8"?>
<!-- Generated by org.testng.reporters.JUnitReportReporter -->
<testsuite skipped="0" hostname="Sanjays-MacBook-Air.local" name="MyArray.Sumofarray" tests="1" failures="0" timestamp="15 Jan 2019 01:25:04 GMT" time="0.014" errors="0">
  <testcase name="Sum" time="0.014" classname="MyArray.Sumofarray"/>
</testsuite> <!-- MyArray.Sumofarray -->
